#! /usr/bin/vvp
:ivl_version "0.9.7 " "(v0_9_7)";
:vpi_time_precision + 0;
:vpi_module "system";
:vpi_module "v2005_math";
:vpi_module "va_math";
S_0x20a7690 .scope module, "reg_000h" "reg_000h" 2 134;
 .timescale 0 0;
P_0x20a0a58 .param/l "width" 2 150, +C4<0100000>;
L_0x20dee70 .functor BUFZ 32, C4<zzzzzzzzzzzzzzzzzzzzzzzzzzzzzzzz>, C4<00000000000000000000000000000000>, C4<00000000000000000000000000000000>, C4<00000000000000000000000000000000>;
v0x20adbf0_0 .net "SDMA_System_Address_in", 31 0, C4<zzzzzzzzzzzzzzzzzzzzzzzzzzzzzzzz>; 0 drivers
v0x20dc680_0 .net "SDMA_System_Address_out", 31 0, v0x20dc910_0; 1 drivers
v0x20dc720_0 .var "ack", 0 0;
v0x20dc7c0_0 .net "clk", 0 0, C4<z>; 0 drivers
v0x20dc870_0 .net "data_in", 31 0, L_0x20dee70; 1 drivers
v0x20dc910_0 .var "data_out", 31 0;
v0x20dc9f0_0 .net "enb_block0", 0 0, C4<z>; 0 drivers
v0x20dca90_0 .net "enb_block1", 0 0, C4<z>; 0 drivers
v0x20dcb80_0 .net "enb_block2", 0 0, C4<z>; 0 drivers
v0x20dcc20_0 .net "rst", 0 0, C4<z>; 0 drivers
E_0x20a39b0 .event edge, v0x20dc870_0, v0x20dc910_0;
E_0x20a2910 .event posedge, v0x20dc7c0_0;
S_0x20a8830 .scope module, "reg_004h" "reg_004h" 2 225;
 .timescale 0 0;
P_0x20af208 .param/l "width" 2 242, +C4<010000>;
L_0x20dffd0 .functor BUFZ 12, C4<zzzzzzzzzzzz>, C4<000000000000>, C4<000000000000>, C4<000000000000>;
L_0x20e0120 .functor BUFZ 3, C4<zzz>, C4<000>, C4<000>, C4<000>;
v0x20dcdb0_0 .net "HostSDMABufferBoundry_in", 2 0, C4<zzz>; 0 drivers
v0x20dce70_0 .net "HostSDMABufferBoundry_out", 2 0, L_0x20e0300; 1 drivers
v0x20dcf10_0 .net "TransferBlockSize_in", 11 0, C4<zzzzzzzzzzzz>; 0 drivers
v0x20dcfb0_0 .net "TransferBlockSize_out", 11 0, L_0x20e01d0; 1 drivers
v0x20dd060_0 .net *"_s11", 2 0, L_0x20e0120; 1 drivers
v0x20dd100_0 .net *"_s2", 0 0, C4<0>; 1 drivers
v0x20dd1a0_0 .net *"_s7", 11 0, L_0x20dffd0; 1 drivers
v0x20dd240_0 .var "ack", 0 0;
v0x20dd2e0_0 .net "clk", 0 0, C4<z>; 0 drivers
RS_0x7ff214f9a3a8 .resolv tri, L_0x20dfd50, L_0x20dfee0, L_0x20e0080, C4<zzzzzzzzzzzzzzzz>;
v0x20dd380_0 .net8 "data_in", 15 0, RS_0x7ff214f9a3a8; 3 drivers
v0x20dd480_0 .var "data_out", 15 0;
v0x20dd520_0 .net "enb_block0", 0 0, C4<z>; 0 drivers
v0x20dd630_0 .net "enb_block1", 0 0, C4<z>; 0 drivers
v0x20dd6d0_0 .net "enb_block2", 0 0, C4<z>; 0 drivers
v0x20dd7f0_0 .net "rst", 0 0, C4<z>; 0 drivers
E_0x20dc840 .event edge, v0x20dd380_0, v0x20dd480_0;
E_0x20dcd60 .event posedge, v0x20dd2e0_0;
L_0x20dfd50 .part/pv C4<0>, 15, 1, 16;
L_0x20dfee0 .part/pv L_0x20dffd0, 0, 12, 16;
L_0x20e0080 .part/pv L_0x20e0120, 12, 3, 16;
L_0x20e01d0 .part v0x20dd480_0, 0, 12;
L_0x20e0300 .part v0x20dd480_0, 12, 3;
S_0x20a84c0 .scope module, "reg_006h" "reg_006h" 2 324;
 .timescale 0 0;
P_0x20aed38 .param/l "width" 2 339, +C4<010000>;
L_0x20e0420 .functor BUFZ 16, C4<zzzzzzzzzzzzzzzz>, C4<0000000000000000>, C4<0000000000000000>, C4<0000000000000000>;
v0x20dd920_0 .net "BlockCount4CurrentTrans_in", 15 0, C4<zzzzzzzzzzzzzzzz>; 0 drivers
v0x20dd9e0_0 .net "BlockCount4CurrentTrans_out", 15 0, v0x20ddc70_0; 1 drivers
v0x20dda80_0 .var "ack", 0 0;
v0x20ddb20_0 .net "clk", 0 0, C4<z>; 0 drivers
v0x20ddbd0_0 .net "data_in", 15 0, L_0x20e0420; 1 drivers
v0x20ddc70_0 .var "data_out", 15 0;
v0x20ddd10_0 .net "enb_block0", 0 0, C4<z>; 0 drivers
v0x20dddb0_0 .net "enb_block1", 0 0, C4<z>; 0 drivers
v0x20dde50_0 .net "enb_block2", 0 0, C4<z>; 0 drivers
v0x20ddef0_0 .net "rst", 0 0, C4<z>; 0 drivers
E_0x20dd030 .event edge, v0x20ddbd0_0, v0x20ddc70_0;
E_0x20dd8d0 .event posedge, v0x20ddb20_0;
S_0x20a8110 .scope module, "reg_008h" "reg_008h" 2 415;
 .timescale 0 0;
P_0x20af118 .param/l "width" 2 430, +C4<0100000>;
v0x20de020_0 .net "CommandArgument_in", 32 0, C4<zzzzzzzzzzzzzzzzzzzzzzzzzzzzzzzzz>; 0 drivers
v0x20de0e0_0 .net "CommandArgument_out", 32 0, L_0x20e0670; 1 drivers
v0x20de180_0 .net *"_s5", 0 0, C4<0>; 1 drivers
v0x20de220_0 .var "ack", 0 0;
v0x20de2d0_0 .net "clk", 0 0, C4<z>; 0 drivers
v0x20de370_0 .net "data_in", 31 0, L_0x20e0570; 1 drivers
v0x20de410_0 .var "data_out", 31 0;
v0x20de4b0_0 .net "enb_block0", 0 0, C4<z>; 0 drivers
v0x20de550_0 .net "enb_block1", 0 0, C4<z>; 0 drivers
v0x20de5f0_0 .net "enb_block2", 0 0, C4<z>; 0 drivers
v0x20de6f0_0 .net "rst", 0 0, C4<z>; 0 drivers
E_0x20ddba0 .event edge, v0x20de370_0, v0x20de410_0;
E_0x20ddfd0 .event posedge, v0x20de2d0_0;
L_0x20e0570 .part C4<zzzzzzzzzzzzzzzzzzzzzzzzzzzzzzzzz>, 0, 32;
L_0x20e0670 .concat [ 32 1 0 0], v0x20de410_0, C4<0>;
S_0x20a3860 .scope module, "reg_template" "reg_template" 2 2;
 .timescale 0 0;
P_0x20aef08 .param/l "width" 2 27, +C4<010000>;
L_0x20e0e60 .functor BUFZ 2, C4<zz>, C4<00>, C4<00>, C4<00>;
L_0x20e0fd0 .functor BUFZ 1, C4<z>, C4<0>, C4<0>, C4<0>;
L_0x20e1120 .functor BUFZ 1, C4<z>, C4<0>, C4<0>, C4<0>;
L_0x20e12f0 .functor BUFZ 1, C4<z>, C4<0>, C4<0>, C4<0>;
L_0x20e0e00 .functor BUFZ 2, C4<zz>, C4<00>, C4<00>, C4<00>;
v0x20de820_0 .net "CommandCRCCheckEnable_in", 0 0, C4<z>; 0 drivers
v0x20de8e0_0 .net "CommandCRCCheckEnable_out", 0 0, L_0x20e1b70; 1 drivers
v0x20de980_0 .net "CommandIndex_in", 4 0, C4<zzzzz>; 0 drivers
v0x20dea20_0 .net "CommandIndex_out", 4 0, L_0x20e1730; 1 drivers
v0x20dead0_0 .net "CommandIndezCheckEnable_in", 0 0, C4<z>; 0 drivers
v0x20deb70_0 .net "CommandIndezCheckEnable_out", 0 0, L_0x20e1990; 1 drivers
v0x20dec10_0 .net "CommandType_in", 1 0, C4<zz>; 0 drivers
v0x20decb0_0 .net "CommandType_out", 1 0, L_0x20e1800; 1 drivers
v0x20ded50_0 .net "DataPresentState_in", 0 0, C4<z>; 0 drivers
v0x20dedf0_0 .net "DataPresentState_out", 0 0, L_0x20e18f0; 1 drivers
v0x20deef0_0 .net "ResponseTypeSelect_in", 1 0, C4<zz>; 0 drivers
v0x20def90_0 .net "ResponseTypeSelect_out", 1 0, L_0x20e1c40; 1 drivers
v0x20df010_0 .net *"_s10", 5 0, L_0x20e0bb0; 1 drivers
v0x20df090_0 .net *"_s13", 0 0, C4<0>; 1 drivers
v0x20df190_0 .net *"_s17", 1 0, L_0x20e0e60; 1 drivers
v0x20df210_0 .net *"_s2", 1 0, C4<00>; 1 drivers
v0x20df110_0 .net *"_s21", 0 0, L_0x20e0fd0; 1 drivers
v0x20df340_0 .net *"_s25", 0 0, L_0x20e1120; 1 drivers
v0x20df460_0 .net *"_s29", 0 0, L_0x20e12f0; 1 drivers
v0x20df4e0_0 .net *"_s33", 1 0, L_0x20e0e00; 1 drivers
v0x20df3c0_0 .net *"_s35", 5 0, L_0x20e15d0; 1 drivers
v0x20df610_0 .net *"_s6", 0 0, C4<0>; 1 drivers
v0x20df560_0 .var "ack", 0 0;
v0x20df750_0 .net "clk", 0 0, C4<z>; 0 drivers
RS_0x7ff214f9ad38/0/0 .resolv tri, L_0x20e0830, L_0x20e0990, L_0x20e0b10, L_0x20e0d30;
RS_0x7ff214f9ad38/0/4 .resolv tri, L_0x20e0ec0, L_0x20e1080, L_0x20e11d0, L_0x20e13d0;
RS_0x7ff214f9ad38 .resolv tri, RS_0x7ff214f9ad38/0/0, RS_0x7ff214f9ad38/0/4, C4<zzzzzzzzzzzzzzzz>, C4<zzzzzzzzzzzzzzzz>;
v0x20df6b0_0 .net8 "data_in", 15 0, RS_0x7ff214f9ad38; 8 drivers
v0x20df8a0_0 .var "data_out", 15 0;
v0x20df7f0_0 .net "enb_block0", 0 0, C4<z>; 0 drivers
v0x20dfa00_0 .net "enb_block1", 0 0, C4<z>; 0 drivers
v0x20df940_0 .net "enb_block2", 0 0, C4<z>; 0 drivers
v0x20dfb70_0 .net "rst", 0 0, C4<z>; 0 drivers
E_0x20de2a0 .event edge, v0x20df6b0_0, v0x20df8a0_0;
E_0x20de7d0 .event posedge, v0x20df750_0;
L_0x20e0830 .part/pv C4<00>, 14, 2, 16;
L_0x20e0990 .part/pv C4<0>, 2, 1, 16;
L_0x20e0b10 .part/pv L_0x20e0bb0, 8, 6, 16;
L_0x20e0bb0 .concat [ 5 1 0 0], C4<zzzzz>, C4<0>;
L_0x20e0d30 .part/pv L_0x20e0e60, 6, 2, 16;
L_0x20e0ec0 .part/pv L_0x20e0fd0, 5, 1, 16;
L_0x20e1080 .part/pv L_0x20e1120, 4, 1, 16;
L_0x20e11d0 .part/pv L_0x20e12f0, 3, 1, 16;
L_0x20e13d0 .part/pv L_0x20e0e00, 0, 2, 16;
L_0x20e15d0 .part v0x20df8a0_0, 8, 6;
L_0x20e1730 .part L_0x20e15d0, 0, 5;
L_0x20e1800 .part v0x20df8a0_0, 6, 2;
L_0x20e18f0 .part v0x20df8a0_0, 5, 1;
L_0x20e1990 .part v0x20df8a0_0, 4, 1;
L_0x20e1b70 .part v0x20df8a0_0, 3, 1;
L_0x20e1c40 .part v0x20df8a0_0, 0, 2;
    .scope S_0x20a7690;
T_0 ;
    %wait E_0x20a2910;
    %load/v 8, v0x20dcc20_0, 1;
    %jmp/0xz  T_0.0, 8;
    %ix/load 0, 32, 0;
    %assign/v0 v0x20dc910_0, 0, 0;
    %jmp T_0.1;
T_0.0 ;
    %load/v 8, v0x20dc9f0_0, 1;
    %load/v 9, v0x20dca90_0, 1;
    %xor 8, 9, 1;
    %load/v 9, v0x20dcb80_0, 1;
    %xor 8, 9, 1;
    %jmp/0xz  T_0.2, 8;
    %load/v 8, v0x20dc870_0, 32;
    %ix/load 0, 32, 0;
    %assign/v0 v0x20dc910_0, 0, 8;
    %jmp T_0.3;
T_0.2 ;
    %load/v 8, v0x20dc910_0, 32;
    %ix/load 0, 32, 0;
    %assign/v0 v0x20dc910_0, 0, 8;
T_0.3 ;
T_0.1 ;
    %jmp T_0;
    .thread T_0;
    .scope S_0x20a7690;
T_1 ;
    %wait E_0x20a39b0;
    %load/v 8, v0x20dc870_0, 32;
    %load/v 40, v0x20dc910_0, 32;
    %cmp/u 8, 40, 32;
    %jmp/0xz  T_1.0, 4;
    %set/v v0x20dc720_0, 1, 1;
    %jmp T_1.1;
T_1.0 ;
    %set/v v0x20dc720_0, 0, 1;
T_1.1 ;
    %jmp T_1;
    .thread T_1, $push;
    .scope S_0x20a8830;
T_2 ;
    %wait E_0x20dcd60;
    %load/v 8, v0x20dd7f0_0, 1;
    %jmp/0xz  T_2.0, 8;
    %ix/load 0, 16, 0;
    %assign/v0 v0x20dd480_0, 0, 0;
    %jmp T_2.1;
T_2.0 ;
    %load/v 8, v0x20dd520_0, 1;
    %load/v 9, v0x20dd630_0, 1;
    %xor 8, 9, 1;
    %load/v 9, v0x20dd6d0_0, 1;
    %xor 8, 9, 1;
    %jmp/0xz  T_2.2, 8;
    %load/v 8, v0x20dd380_0, 16;
    %ix/load 0, 16, 0;
    %assign/v0 v0x20dd480_0, 0, 8;
    %jmp T_2.3;
T_2.2 ;
    %load/v 8, v0x20dd480_0, 16;
    %ix/load 0, 16, 0;
    %assign/v0 v0x20dd480_0, 0, 8;
T_2.3 ;
T_2.1 ;
    %jmp T_2;
    .thread T_2;
    .scope S_0x20a8830;
T_3 ;
    %wait E_0x20dc840;
    %load/v 8, v0x20dd380_0, 16;
    %load/v 24, v0x20dd480_0, 16;
    %cmp/u 8, 24, 16;
    %jmp/0xz  T_3.0, 4;
    %set/v v0x20dd240_0, 1, 1;
    %jmp T_3.1;
T_3.0 ;
    %set/v v0x20dd240_0, 0, 1;
T_3.1 ;
    %jmp T_3;
    .thread T_3, $push;
    .scope S_0x20a84c0;
T_4 ;
    %wait E_0x20dd8d0;
    %load/v 8, v0x20ddef0_0, 1;
    %jmp/0xz  T_4.0, 8;
    %ix/load 0, 16, 0;
    %assign/v0 v0x20ddc70_0, 0, 0;
    %jmp T_4.1;
T_4.0 ;
    %load/v 8, v0x20ddd10_0, 1;
    %load/v 9, v0x20dddb0_0, 1;
    %xor 8, 9, 1;
    %load/v 9, v0x20dde50_0, 1;
    %xor 8, 9, 1;
    %jmp/0xz  T_4.2, 8;
    %load/v 8, v0x20ddbd0_0, 16;
    %ix/load 0, 16, 0;
    %assign/v0 v0x20ddc70_0, 0, 8;
    %jmp T_4.3;
T_4.2 ;
    %load/v 8, v0x20ddc70_0, 16;
    %ix/load 0, 16, 0;
    %assign/v0 v0x20ddc70_0, 0, 8;
T_4.3 ;
T_4.1 ;
    %jmp T_4;
    .thread T_4;
    .scope S_0x20a84c0;
T_5 ;
    %wait E_0x20dd030;
    %load/v 8, v0x20ddbd0_0, 16;
    %load/v 24, v0x20ddc70_0, 16;
    %cmp/u 8, 24, 16;
    %jmp/0xz  T_5.0, 4;
    %set/v v0x20dda80_0, 1, 1;
    %jmp T_5.1;
T_5.0 ;
    %set/v v0x20dda80_0, 0, 1;
T_5.1 ;
    %jmp T_5;
    .thread T_5, $push;
    .scope S_0x20a8110;
T_6 ;
    %wait E_0x20ddfd0;
    %load/v 8, v0x20de6f0_0, 1;
    %jmp/0xz  T_6.0, 8;
    %ix/load 0, 32, 0;
    %assign/v0 v0x20de410_0, 0, 0;
    %jmp T_6.1;
T_6.0 ;
    %load/v 8, v0x20de4b0_0, 1;
    %load/v 9, v0x20de550_0, 1;
    %xor 8, 9, 1;
    %load/v 9, v0x20de5f0_0, 1;
    %xor 8, 9, 1;
    %jmp/0xz  T_6.2, 8;
    %load/v 8, v0x20de370_0, 32;
    %ix/load 0, 32, 0;
    %assign/v0 v0x20de410_0, 0, 8;
    %jmp T_6.3;
T_6.2 ;
    %load/v 8, v0x20de410_0, 32;
    %ix/load 0, 32, 0;
    %assign/v0 v0x20de410_0, 0, 8;
T_6.3 ;
T_6.1 ;
    %jmp T_6;
    .thread T_6;
    .scope S_0x20a8110;
T_7 ;
    %wait E_0x20ddba0;
    %load/v 8, v0x20de370_0, 32;
    %load/v 40, v0x20de410_0, 32;
    %cmp/u 8, 40, 32;
    %jmp/0xz  T_7.0, 4;
    %set/v v0x20de220_0, 1, 1;
    %jmp T_7.1;
T_7.0 ;
    %set/v v0x20de220_0, 0, 1;
T_7.1 ;
    %jmp T_7;
    .thread T_7, $push;
    .scope S_0x20a3860;
T_8 ;
    %wait E_0x20de7d0;
    %load/v 8, v0x20dfb70_0, 1;
    %jmp/0xz  T_8.0, 8;
    %ix/load 0, 16, 0;
    %assign/v0 v0x20df8a0_0, 0, 0;
    %jmp T_8.1;
T_8.0 ;
    %load/v 8, v0x20df7f0_0, 1;
    %load/v 9, v0x20dfa00_0, 1;
    %xor 8, 9, 1;
    %load/v 9, v0x20df940_0, 1;
    %xor 8, 9, 1;
    %jmp/0xz  T_8.2, 8;
    %load/v 8, v0x20df6b0_0, 16;
    %ix/load 0, 16, 0;
    %assign/v0 v0x20df8a0_0, 0, 8;
    %jmp T_8.3;
T_8.2 ;
    %load/v 8, v0x20df8a0_0, 16;
    %ix/load 0, 16, 0;
    %assign/v0 v0x20df8a0_0, 0, 8;
T_8.3 ;
T_8.1 ;
    %jmp T_8;
    .thread T_8;
    .scope S_0x20a3860;
T_9 ;
    %wait E_0x20de2a0;
    %load/v 8, v0x20df6b0_0, 16;
    %load/v 24, v0x20df8a0_0, 16;
    %cmp/u 8, 24, 16;
    %jmp/0xz  T_9.0, 4;
    %set/v v0x20df560_0, 1, 1;
    %jmp T_9.1;
T_9.0 ;
    %set/v v0x20df560_0, 0, 1;
T_9.1 ;
    %jmp T_9;
    .thread T_9, $push;
# The file index is used to find the file name in the following table.
:file_names 3;
    "N/A";
    "<interactive>";
    "regs.v";
