#! /usr/bin/vvp
:ivl_version "0.9.7 " "(v0_9_7)";
:vpi_time_precision - 12;
:vpi_module "system";
:vpi_module "v2005_math";
:vpi_module "va_math";
S_0x1b32790 .scope module, "probador" "probador" 2 3;
 .timescale -9 -12;
v0x1b43b00_0 .var "R008h_CPU", 31 0;
v0x1b78be0_0 .var "R00eh_CPU", 15 0;
v0x1b78c80_0 .var "R024h_CPU", 31 0;
v0x1b78d20_0 .var "R032h_CPU", 15 0;
v0x1b78dd0_0 .var "clock", 0 0;
v0x1b78e70_0 .var "cmd_pin_in", 0 0;
v0x1b78f50_0 .var "reset", 0 0;
v0x1b78ff0_0 .var "sd_clock", 0 0;
    .scope S_0x1b32790;
T_0 ;
    %set/v v0x1b78f50_0, 1, 1;
    %set/v v0x1b78dd0_0, 0, 1;
    %set/v v0x1b78ff0_0, 0, 1;
    %set/v v0x1b78e70_0, 0, 1;
    %movi 8, 212855983, 28;
    %ix/load 0, 4, 0;
    %set/x0 v0x1b78c80_0, 8, 28;
    %ix/load 0, 0, 0;
    %set/x0 v0x1b78c80_0, 0, 4;
    %movi 8, 202, 8;
    %ix/load 0, 0, 0;
    %set/x0 v0x1b78be0_0, 8, 8;
    %movi 8, 51, 6;
    %ix/load 0, 8, 0;
    %set/x0 v0x1b78be0_0, 8, 6;
    %ix/load 0, 14, 0;
    %set/x0 v0x1b78be0_0, 0, 2;
    %movi 8, 3200171710, 32;
    %set/v v0x1b43b00_0, 8, 32;
    %movi 8, 4074, 12;
    %ix/load 0, 4, 0;
    %set/x0 v0x1b78d20_0, 8, 12;
    %movi 8, 1, 4;
    %ix/load 0, 0, 0;
    %set/x0 v0x1b78d20_0, 8, 4;
    %delay 2000, 0;
    %set/v v0x1b78f50_0, 0, 1;
    %delay 30000, 0;
    %movi 8, 1, 4;
    %ix/load 0, 0, 0;
    %set/x0 v0x1b78c80_0, 8, 4;
    %delay 800000, 0;
    %vpi_call 2 53 "$finish";
    %end;
    .thread T_0;
    .scope S_0x1b32790;
T_1 ;
    %delay 1000, 0;
    %load/v 8, v0x1b78dd0_0, 1;
    %inv 8, 1;
    %set/v v0x1b78dd0_0, 8, 1;
    %jmp T_1;
    .thread T_1;
    .scope S_0x1b32790;
T_2 ;
    %delay 1000, 0;
    %load/v 8, v0x1b78ff0_0, 1;
    %inv 8, 1;
    %set/v v0x1b78ff0_0, 8, 1;
    %jmp T_2;
    .thread T_2;
    .scope S_0x1b32790;
T_3 ;
    %delay 2000, 0;
    %load/v 8, v0x1b78e70_0, 1;
    %inv 8, 1;
    %set/v v0x1b78e70_0, 8, 1;
    %jmp T_3;
    .thread T_3;
# The file index is used to find the file name in the following table.
:file_names 3;
    "N/A";
    "<interactive>";
    "probador.v";
